#
# There is insufficient memory for the Java Runtime Environment to continue.
# Native memory allocation (mmap) failed to map 134217728 bytes for G1 virtual space
# Possible reasons:
#   The system is out of physical RAM or swap space
#   The process is running with CompressedOops enabled, and the Java Heap may be blocking the growth of the native heap
# Possible solutions:
#   Reduce memory load on the system
#   Increase physical memory or swap space
#   Check if swap backing store is full
#   Decrease Java heap size (-Xmx/-Xms)
#   Decrease number of Java threads
#   Decrease Java thread stack sizes (-Xss)
#   Set larger code cache with -XX:ReservedCodeCacheSize=
#   JVM is running with Unscaled Compressed Oops mode in which the Java heap is
#     placed in the first 4GB address space. The Java Heap base address is the
#     maximum limit for the native heap growth. Please use -XX:HeapBaseMinAddress
#     to set the Java Heap base and to place the Java Heap above 4GB virtual address.
# This output file may be truncated or incomplete.
#
#  Out of Memory Error (os_windows.cpp:3548), pid=13408, tid=3164
#
# JRE version:  (17.0.12+8) (build )
# Java VM: Java HotSpot(TM) 64-Bit Server VM (17.0.12+8-LTS-286, mixed mode, sharing, tiered, compressed oops, compressed class ptrs, g1 gc, windows-amd64)
# No core dump will be written. Minidumps are not enabled by default on client versions of Windows
#

---------------  S U M M A R Y ------------

Command Line: -javaagent:C:\Program Files\JetBrains\IntelliJ IDEA Community Edition 2024.2.0.1\lib\idea_rt.jar=53406 -Dfile.encoding=UTF-8 starter.ProductServiceApplication

Host: Intel(R) Core(TM) i5-8250U CPU @ 1.60GHz, 8 cores, 7G,  Windows 11 , 64 bit Build 26100 (10.0.26100.3775)
Time: Tue Jul 15 00:10:56 2025 Hora oficial do Brasil elapsed time: 0.080948 seconds (0d 0h 0m 0s)

---------------  T H R E A D  ---------------

Current thread (0x000002327d62d620):  JavaThread "Unknown thread" [_thread_in_vm, id=3164, stack(0x000000f22cf00000,0x000000f22d000000)]

Stack: [0x000000f22cf00000,0x000000f22d000000]
Native frames: (J=compiled Java code, j=interpreted, Vv=VM code, C=native code)
V  [jvm.dll+0x67a04a]
V  [jvm.dll+0x7da4ed]
V  [jvm.dll+0x7dbe33]
V  [jvm.dll+0x7dc4a3]
V  [jvm.dll+0x24508f]
V  [jvm.dll+0x677089]
V  [jvm.dll+0x66bd32]
V  [jvm.dll+0x301fa6]
V  [jvm.dll+0x309546]
V  [jvm.dll+0x359d2e]
V  [jvm.dll+0x359f5f]
V  [jvm.dll+0x2d9078]
V  [jvm.dll+0x2d9fe4]
V  [jvm.dll+0x7aca21]
V  [jvm.dll+0x367591]
V  [jvm.dll+0x78b999]
V  [jvm.dll+0x3ec83f]
V  [jvm.dll+0x3ee471]
C  [jli.dll+0x5297]
C  [ucrtbase.dll+0x37b0]
C  [KERNEL32.DLL+0x2e8d7]
C  [ntdll.dll+0xb14fc]


---------------  P R O C E S S  ---------------

Threads class SMR info:
_java_thread_list=0x00007ff9ef937a18, length=0, elements={
}

Java Threads: ( => current thread )

Other Threads:
  0x000002327d689050 GCTaskThread "GC Thread#0" [stack: 0x000000f22d000000,0x000000f22d100000] [id=9960]
  0x000002327d699ce0 ConcurrentGCThread "G1 Main Marker" [stack: 0x000000f22d100000,0x000000f22d200000] [id=6792]
  0x000002327d69a6f0 ConcurrentGCThread "G1 Conc#0" [stack: 0x000000f22d200000,0x000000f22d300000] [id=6740]

[error occurred during error reporting (printing all threads), id 0xc0000005, EXCEPTION_ACCESS_VIOLATION (0xc0000005) at pc=0x00007ff9ef169b67]

VM state: not at safepoint (not fully initialized)

VM Mutex/Monitor currently owned by a thread:  ([mutex/lock_event])
[0x000002327d627c50] Heap_lock - owner thread: 0x000002327d62d620

Heap address: 0x0000000081600000, size: 2026 MB, Compressed Oops mode: 32-bit

CDS archive(s) mapped at: [0x0000000000000000-0x0000000000000000-0x0000000000000000), size 0, SharedBaseAddress: 0x0000000800000000, ArchiveRelocationMode: 1.
Narrow klass base: 0x0000000000000000, Narrow klass shift: 0, Narrow klass range: 0x0

GC Precious Log:
<Empty>

Heap:
 garbage-first heap   total 0K, used 0K [0x0000000081600000, 0x0000000100000000)
  region size 1024K, 0 young (0K), 0 survivors (0K)

[error occurred during error reporting (printing heap information), id 0xc0000005, EXCEPTION_ACCESS_VIOLATION (0xc0000005) at pc=0x00007ff9ef553859]

GC Heap History (0 events):
No events

Deoptimization events (0 events):
No events

Classes unloaded (0 events):
No events

Classes redefined (0 events):
No events

Internal exceptions (0 events):
No events

VM Operations (0 events):
No events

Events (1 events):
Event: 0.048 Loaded shared library C:\Program Files\Java\jdk-17\bin\java.dll


Dynamic libraries:
0x00007ff67e420000 - 0x00007ff67e430000 	C:\Program Files\Java\jdk-17\bin\java.exe
0x00007ffa4edc0000 - 0x00007ffa4f020000 	C:\WINDOWS\SYSTEM32\ntdll.dll
0x00007ffa4d480000 - 0x00007ffa4d547000 	C:\WINDOWS\System32\KERNEL32.DLL
0x00007ffa4c7f0000 - 0x00007ffa4cbba000 	C:\WINDOWS\System32\KERNELBASE.dll
0x00007ffa4c280000 - 0x00007ffa4c3cb000 	C:\WINDOWS\System32\ucrtbase.dll
0x00007ffa48af0000 - 0x00007ffa48b09000 	C:\Program Files\Java\jdk-17\bin\jli.dll
0x00007ffa4e3d0000 - 0x00007ffa4e482000 	C:\WINDOWS\System32\ADVAPI32.dll
0x00007ffa48b30000 - 0x00007ffa48b4b000 	C:\Program Files\Java\jdk-17\bin\VCRUNTIME140.dll
0x00007ffa4e290000 - 0x00007ffa4e339000 	C:\WINDOWS\System32\msvcrt.dll
0x00007ffa4e490000 - 0x00007ffa4e536000 	C:\WINDOWS\System32\sechost.dll
0x00007ffa4cc70000 - 0x00007ffa4cd86000 	C:\WINDOWS\System32\RPCRT4.dll
0x00007ffa4db40000 - 0x00007ffa4dd0c000 	C:\WINDOWS\System32\USER32.dll
0x00007ffa4c7c0000 - 0x00007ffa4c7e7000 	C:\WINDOWS\System32\win32u.dll
0x00007ffa4d120000 - 0x00007ffa4d14a000 	C:\WINDOWS\System32\GDI32.dll
0x00007ffa4c510000 - 0x00007ffa4c641000 	C:\WINDOWS\System32\gdi32full.dll
0x00007ffa4c3d0000 - 0x00007ffa4c473000 	C:\WINDOWS\System32\msvcp_win.dll
0x00007ffa34b90000 - 0x00007ffa34e27000 	C:\WINDOWS\WinSxS\amd64_microsoft.windows.common-controls_6595b64144ccf1df_6.0.26100.3624_none_3e086962e3345f24\COMCTL32.dll
0x00007ffa45450000 - 0x00007ffa4545b000 	C:\WINDOWS\SYSTEM32\VERSION.dll
0x00007ffa4d150000 - 0x00007ffa4d17f000 	C:\WINDOWS\System32\IMM32.DLL
0x00007ffa48b20000 - 0x00007ffa48b2c000 	C:\Program Files\Java\jdk-17\bin\vcruntime140_1.dll
0x00007ffa46da0000 - 0x00007ffa46e2e000 	C:\Program Files\Java\jdk-17\bin\msvcp140.dll
0x00007ff9eee80000 - 0x00007ff9efa60000 	C:\Program Files\Java\jdk-17\bin\server\jvm.dll
0x00007ffa4e340000 - 0x00007ffa4e348000 	C:\WINDOWS\System32\PSAPI.DLL
0x00007ffa358f0000 - 0x00007ffa358fa000 	C:\WINDOWS\SYSTEM32\WSOCK32.dll
0x00007ffa4e350000 - 0x00007ffa4e3c4000 	C:\WINDOWS\System32\WS2_32.dll
0x00007ffa3c310000 - 0x00007ffa3c346000 	C:\WINDOWS\SYSTEM32\WINMM.dll
0x00007ffa4aea0000 - 0x00007ffa4aeba000 	C:\WINDOWS\SYSTEM32\kernel.appcore.dll
0x00007ffa48ae0000 - 0x00007ffa48aea000 	C:\Program Files\Java\jdk-17\bin\jimage.dll
0x00007ffa498f0000 - 0x00007ffa49b31000 	C:\WINDOWS\SYSTEM32\DBGHELP.DLL
0x00007ffa4cd90000 - 0x00007ffa4d112000 	C:\WINDOWS\System32\combase.dll
0x00007ffa4e060000 - 0x00007ffa4e136000 	C:\WINDOWS\System32\OLEAUT32.dll
0x00007ffa38be0000 - 0x00007ffa38c19000 	C:\WINDOWS\SYSTEM32\dbgcore.DLL
0x00007ffa4bfa0000 - 0x00007ffa4c039000 	C:\WINDOWS\System32\bcryptPrimitives.dll
0x00007ffa46e60000 - 0x00007ffa46e6e000 	C:\Program Files\Java\jdk-17\bin\instrument.dll
0x00007ffa46e70000 - 0x00007ffa46e95000 	C:\Program Files\Java\jdk-17\bin\java.dll

dbghelp: loaded successfully - version: 4.0.5 - missing functions: none
symbol engine: initialized successfully - sym options: 0x614 - pdb path: .;C:\Program Files\Java\jdk-17\bin;C:\WINDOWS\SYSTEM32;C:\WINDOWS\WinSxS\amd64_microsoft.windows.common-controls_6595b64144ccf1df_6.0.26100.3624_none_3e086962e3345f24;C:\Program Files\Java\jdk-17\bin\server

VM Arguments:
jvm_args: -javaagent:C:\Program Files\JetBrains\IntelliJ IDEA Community Edition 2024.2.0.1\lib\idea_rt.jar=53406 -Dfile.encoding=UTF-8 
java_command: starter.ProductServiceApplication
java_class_path (initial): C:\Users\mercearia santana\Desktop\E-commerce\product-service\target\classes;C:\Users\mercearia santana\.m2\repository\org\springframework\boot\spring-boot-starter-data-jpa\3.5.0\spring-boot-starter-data-jpa-3.5.0.jar;C:\Users\mercearia santana\.m2\repository\org\springframework\boot\spring-boot-starter\3.5.0\spring-boot-starter-3.5.0.jar;C:\Users\mercearia santana\.m2\repository\org\springframework\boot\spring-boot\3.5.0\spring-boot-3.5.0.jar;C:\Users\mercearia santana\.m2\repository\org\springframework\boot\spring-boot-autoconfigure\3.5.0\spring-boot-autoconfigure-3.5.0.jar;C:\Users\mercearia santana\.m2\repository\org\springframework\boot\spring-boot-starter-logging\3.5.0\spring-boot-starter-logging-3.5.0.jar;C:\Users\mercearia santana\.m2\repository\ch\qos\logback\logback-classic\1.5.18\logback-classic-1.5.18.jar;C:\Users\mercearia santana\.m2\repository\ch\qos\logback\logback-core\1.5.18\logback-core-1.5.18.jar;C:\Users\mercearia santana\.m2\repository\org\apache\logging\log4j\log4j-to-slf4j\2.24.3\log4j-to-slf4j-2.24.3.jar;C:\Users\mercearia santana\.m2\repository\org\apache\logging\log4j\log4j-api\2.24.3\log4j-api-2.24.3.jar;C:\Users\mercearia santana\.m2\repository\org\slf4j\jul-to-slf4j\2.0.17\jul-to-slf4j-2.0.17.jar;C:\Users\mercearia santana\.m2\repository\jakarta\annotation\jakarta.annotation-api\2.1.1\jakarta.annotation-api-2.1.1.jar;C:\Users\mercearia santana\.m2\repository\org\yaml\snakeyaml\2.4\snakeyaml-2.4.jar;C:\Users\mercearia santana\.m2\repository\org\springframework\boot\spring-boot-starter-jdbc\3.5.0\spring-boot-starter-jdbc-3.5.0.jar;C:\Users\mercearia santana\.m2\repository\com\zaxxer\HikariCP\6.3.0\HikariCP-6.3.0.jar;C:\Users\mercearia santana\.m2\repository\org\springframework\spring-jdbc\6.2.7\spring-jdbc-6.2.7.jar;C:\Users\mercearia santana\.m2\repository\org\hibernate\orm\hibernate-core\6.6.15.Final\hibernate-core-6.6.15.Final.jar;C:\Users\mercearia santana\.m2\repository\jakarta\persistence\jakarta.persist
Launcher Type: SUN_STANDARD

[Global flags]
     intx CICompilerCount                          = 4                                         {product} {ergonomic}
     uint ConcGCThreads                            = 2                                         {product} {ergonomic}
     uint G1ConcRefinementThreads                  = 8                                         {product} {ergonomic}
   size_t G1HeapRegionSize                         = 1048576                                   {product} {ergonomic}
    uintx GCDrainStackTargetSize                   = 64                                        {product} {ergonomic}
   size_t InitialHeapSize                          = 134217728                                 {product} {ergonomic}
   size_t MarkStackSize                            = 4194304                                   {product} {ergonomic}
   size_t MaxHeapSize                              = 2124414976                                {product} {ergonomic}
   size_t MinHeapDeltaBytes                        = 1048576                                   {product} {ergonomic}
   size_t MinHeapSize                              = 8388608                                   {product} {ergonomic}
    uintx NonNMethodCodeHeapSize                   = 5839372                                {pd product} {ergonomic}
    uintx NonProfiledCodeHeapSize                  = 122909434                              {pd product} {ergonomic}
    uintx ProfiledCodeHeapSize                     = 122909434                              {pd product} {ergonomic}
    uintx ReservedCodeCacheSize                    = 251658240                              {pd product} {ergonomic}
     bool SegmentedCodeCache                       = true                                      {product} {ergonomic}
   size_t SoftMaxHeapSize                          = 2124414976                             {manageable} {ergonomic}
     bool UseCompressedClassPointers               = true                           {product lp64_product} {ergonomic}
     bool UseCompressedOops                        = true                           {product lp64_product} {ergonomic}
     bool UseG1GC                                  = true                                      {product} {ergonomic}
     bool UseLargePagesIndividualAllocation        = false                                  {pd product} {ergonomic}

Logging:
Log output configuration:
 #0: stdout all=warning uptime,level,tags
 #1: stderr all=off uptime,level,tags

Environment Variables:
JAVA_HOME=C:\Program Files\Java\jdk-17
PATH=C:\WINDOWS\system32;C:\WINDOWS;C:\WINDOWS\System32\Wbem;C:\WINDOWS\System32\WindowsPowerShell\v1.0\;C:\WINDOWS\System32\OpenSSH\;C:\Program Files\Git\cmd;C:\Program Files\nodejs\;C:\Program Files\Docker\Docker\resources\bin;c:\Users\mercearia santana\AppData\Local\Programs\cursor\resources\app\bin;c:\Users\mercearia santana\AppData\Local\Programs\cursor\resources\app\bin;C:\Program Files\Java\jdk-17\bin;C:\Program Files\MySQL\MySQL Shell 8.0\bin\;C:\Users\mercearia santana\AppData\Local\Programs\Python\Python313\Scripts\;C:\Users\mercearia santana\AppData\Local\Programs\Python\Python313\;C:\Users\mercearia santana\AppData\Local\Programs\Python\Launcher\;C:\Users\mercearia santana\AppData\Local\Microsoft\WindowsApps;C:\Users\mercearia santana\AppData\Local\Programs\Microsoft VS Code\bin;C:\Users\mercearia santana\AppData\Roaming\npm;C:\Users\mercearia santana\AppData\Local\GitHubDesktop\bin;C:\Program Files\Java\jdk-17\bin;
USERNAME=mercearia santana
OS=Windows_NT
PROCESSOR_IDENTIFIER=Intel64 Family 6 Model 142 Stepping 10, GenuineIntel



---------------  S Y S T E M  ---------------

OS:
 Windows 11 , 64 bit Build 26100 (10.0.26100.3775)
OS uptime: 0 days 9:32 hours
Hyper-V role detected

CPU: total 8 (initial active 8) (4 cores per cpu, 2 threads per core) family 6 model 142 stepping 10 microcode 0xe0, cx8, cmov, fxsr, ht, mmx, 3dnowpref, sse, sse2, sse3, ssse3, sse4.1, sse4.2, popcnt, lzcnt, tsc, tscinvbit, avx, avx2, aes, erms, clmul, bmi1, bmi2, adx, fma, vzeroupper, clflush, clflushopt, hv

Memory: 4k page, system-wide physical 8103M (650M free)
TotalPageFile size 10001M (AvailPageFile size 74M)
current process WorkingSet (physical memory assigned to process): 12M, peak: 12M
current process commit charge ("private bytes"): 60M, peak: 188M

vm_info: Java HotSpot(TM) 64-Bit Server VM (17.0.12+8-LTS-286) for windows-amd64 JRE (17.0.12+8-LTS-286), built on Jun  5 2024 06:46:59 by "mach5one" with MS VC++ 17.6 (VS2022)

END.
